
Xvnc Free Edition 4.1.2
Copyright (C) 2002-2005 RealVNC Ltd.
See http://www.realvnc.com for information on VNC.
Underlying X server release 70101000, The X.Org Foundation


Sun Oct 24 08:15:02 2010
 vncext:      VNC extension running!
 vncext:      Listening for VNC connections on port 5902
 vncext:      Listening for HTTP connections on port 5802
 vncext:      created VNC server for screen 0
SESSION_MANAGER=local/headspace:/tmp/.ICE-unix/3534

** (gnome-session:3534): WARNING **: Host name lookup failure on localhost.
Window manager warning: Log level 32: could not find XKB extension.

Sun Oct 24 08:16:00 2010
 Connections: accepted: 192.168.0.101::42137
 SConnection: Client needs protocol version 3.8
 SConnection: Client requests security type VncAuth(2)

Sun Oct 24 08:16:02 2010
 VNCSConnST:  Server default pixel format depth 16 (16bpp) little-endian rgb565
 VNCSConnST:  Client pixel format depth 16 (16bpp) little-endian rgb565
** Message: Could not connect to power manager: Could not get owner of name 'org.gnome.PowerManager': no such name
** Message: Could not connect to power manager: Could not get owner of name 'org.gnome.PowerManager': no such name
Initializing nautilus-open-terminal extension

** (nm-applet:3726): WARNING **: <WARN>  applet_dbus_manager_start_service(): Could not acquire the NetworkManagerUserSettings service.
  Message: 'Connection ":1.8" is not allowed to own the service "org.freedesktop.NetworkManagerUserSettings" due to security policies in the configuration file'

Introspect error: A security policy in place prevents this sender from sending this message to this recipient, see message bus configuration file (rejected message had interface "org.freedesktop.DBus.Introspectable" member "Introspect" error name "(unset)" destination "edu.duke.linux.yum")
Traceback (most recent call last):
  File "/usr/bin/puplet", line 467, in ?
    main()
  File "/usr/bin/puplet", line 464, in main
    p.run()
  File "/usr/bin/puplet", line 451, in run
    self._refreshInfo()
  File "/usr/bin/puplet", line 191, in _refreshInfo
    if self.updatesObject is not None and \
AttributeError: DBusException instance has no attribute '_dbus_error_name'

** (eggcups:3709): WARNING **: IPP request failed with status 1030

** (eggcups:3709): WARNING **: IPP request failed with status 1030

Sun Oct 24 08:17:44 2010
 Connections: closed: 192.168.0.101::42137 (Clean disconnection)
 SMsgWriter:  framebuffer updates 14
 SMsgWriter:    ZRLE rects 31, bytes 399493
 SMsgWriter:    raw bytes equivalent 3371956, compression ratio 8.440588
